# JRE version: OpenJDK Runtime Environment Temurin-21.0.7+6 (21.0.7+6) (build 21.0.7+6-LTS)
# Java VM: OpenJDK 64-Bit Server VM Temurin-21.0.7+6 (21.0.7+6-LTS, mixed mode, sharing, tiered, compressed oops, compressed class ptrs, parallel gc, windows-amd64)
GC Precious Log:
 CardTable entry size: 512
 CPUs: 8 total, 8 available
 Memory: 11930M
 Large Page Support: Disabled
 NUMA Support: Disabled
 Compressed Oops: Enabled (32-bit)
 Alignments: Space 512K, Generation 512K, Heap 2M
 Heap Min Capacity: 100M
 Heap Initial Capacity: 100M
 Heap Max Capacity: 2G
 Pre-touch: Disabled
 Parallel Workers: 8
Heap:
 PSYoungGen      total 24576K, used 24352K [0x00000000d5580000, 0x00000000d7000000, 0x0000000100000000)
  eden space 22016K, 100% used [0x00000000d5580000,0x00000000d6b00000,0x00000000d6b00000)
  from space 2560K, 91% used [0x00000000d6d80000,0x00000000d6fc81d8,0x00000000d7000000)
  to   space 2560K, 0% used [0x00000000d6b00000,0x00000000d6b00000,0x00000000d6d80000)
 ParOldGen       total 68608K, used 23769K [0x0000000080000000, 0x0000000084300000, 0x00000000d5580000)
  object space 68608K, 34% used [0x0000000080000000,0x00000000817365e0,0x0000000084300000)
 Metaspace       used 39073K, committed 40256K, reserved 1114112K
  class space    used 4002K, committed 4544K, reserved 1048576K
GC Heap History (20 events):
Event: 2.558 GC heap before
{Heap before GC invocations=9 (full 1):
 PSYoungGen      total 29184K, used 24576K [0x00000000d5580000, 0x00000000d7680000, 0x0000000100000000)
  eden space 24576K, 100% used [0x00000000d5580000,0x00000000d6d80000,0x00000000d6d80000)
  from space 4608K, 0% used [0x00000000d6f00000,0x00000000d6f00000,0x00000000d7380000)
  to   space 3072K, 0% used [0x00000000d7380000,0x00000000d7380000,0x00000000d7680000)
 ParOldGen       total 68608K, used 12836K [0x0000000080000000, 0x0000000084300000, 0x00000000d5580000)
  object space 68608K, 18% used [0x0000000080000000,0x0000000080c892f8,0x0000000084300000)
 Metaspace       used 23013K, committed 23936K, reserved 1114112K
  class space    used 2321K, committed 2752K, reserved 1048576K
}
Event: 2.559 GC heap after
{Heap after GC invocations=9 (full 1):
 PSYoungGen      total 25088K, used 844K [0x00000000d5580000, 0x00000000d7480000, 0x0000000100000000)
  eden space 24064K, 0% used [0x00000000d5580000,0x00000000d5580000,0x00000000d6d00000)
  from space 1024K, 82% used [0x00000000d7380000,0x00000000d74532a0,0x00000000d7480000)
  to   space 2560K, 0% used [0x00000000d6f80000,0x00000000d6f80000,0x00000000d7200000)
 ParOldGen       total 68608K, used 12844K [0x0000000080000000, 0x0000000084300000, 0x00000000d5580000)
  object space 68608K, 18% used [0x0000000080000000,0x0000000080c8b2f8,0x0000000084300000)
 Metaspace       used 23013K, committed 23936K, reserved 1114112K
  class space    used 2321K, committed 2752K, reserved 1048576K
}
Event: 2.687 GC heap before
{Heap before GC invocations=10 (full 1):
 PSYoungGen      total 25088K, used 24613K [0x00000000d5580000, 0x00000000d7480000, 0x0000000100000000)
  eden space 24064K, 98% used [0x00000000d5580000,0x00000000d6cb6160,0x00000000d6d00000)
  from space 1024K, 82% used [0x00000000d7380000,0x00000000d74532a0,0x00000000d7480000)
  to   space 2560K, 0% used [0x00000000d6f80000,0x00000000d6f80000,0x00000000d7200000)
 ParOldGen       total 68608K, used 12844K [0x0000000080000000, 0x0000000084300000, 0x00000000d5580000)
  object space 68608K, 18% used [0x0000000080000000,0x0000000080c8b2f8,0x0000000084300000)
 Metaspace       used 26430K, committed 27328K, reserved 1114112K
  class space    used 2587K, committed 3008K, reserved 1048576K
}
Event: 2.688 GC heap after
{Heap after GC invocations=10 (full 1):
 PSYoungGen      total 26112K, used 1788K [0x00000000d5580000, 0x00000000d7400000, 0x0000000100000000)
  eden space 23552K, 0% used [0x00000000d5580000,0x00000000d5580000,0x00000000d6c80000)
  from space 2560K, 69% used [0x00000000d6f80000,0x00000000d713f2c0,0x00000000d7200000)
  to   space 2048K, 0% used [0x00000000d7200000,0x00000000d7200000,0x00000000d7400000)
 ParOldGen       total 68608K, used 12844K [0x0000000080000000, 0x0000000084300000, 0x00000000d5580000)
  object space 68608K, 18% used [0x0000000080000000,0x0000000080c8b2f8,0x0000000084300000)
 Metaspace       used 26430K, committed 27328K, reserved 1114112K
  class space    used 2587K, committed 3008K, reserved 1048576K
}
Event: 2.841 GC heap before
{Heap before GC invocations=11 (full 1):
 PSYoungGen      total 26112K, used 25340K [0x00000000d5580000, 0x00000000d7400000, 0x0000000100000000)
  eden space 23552K, 100% used [0x00000000d5580000,0x00000000d6c80000,0x00000000d6c80000)
  from space 2560K, 69% used [0x00000000d6f80000,0x00000000d713f2c0,0x00000000d7200000)
  to   space 2048K, 0% used [0x00000000d7200000,0x00000000d7200000,0x00000000d7400000)
 ParOldGen       total 68608K, used 12844K [0x0000000080000000, 0x0000000084300000, 0x00000000d5580000)
  object space 68608K, 18% used [0x0000000080000000,0x0000000080c8b2f8,0x0000000084300000)
 Metaspace       used 28188K, committed 29120K, reserved 1114112K
  class space    used 2720K, committed 3136K, reserved 1048576K
}
Event: 2.842 GC heap after
{Heap after GC invocations=11 (full 1):
 PSYoungGen      total 25088K, used 2040K [0x00000000d5580000, 0x00000000d7400000, 0x0000000100000000)
  eden space 23040K, 0% used [0x00000000d5580000,0x00000000d5580000,0x00000000d6c00000)
  from space 2048K, 99% used [0x00000000d7200000,0x00000000d73fe058,0x00000000d7400000)
  to   space 4096K, 0% used [0x00000000d6c00000,0x00000000d6c00000,0x00000000d7000000)
 ParOldGen       total 68608K, used 14271K [0x0000000080000000, 0x0000000084300000, 0x00000000d5580000)
  object space 68608K, 20% used [0x0000000080000000,0x0000000080defd08,0x0000000084300000)
 Metaspace       used 28188K, committed 29120K, reserved 1114112K
  class space    used 2720K, committed 3136K, reserved 1048576K
}
Event: 3.072 GC heap before
{Heap before GC invocations=12 (full 1):
 PSYoungGen      total 25088K, used 25080K [0x00000000d5580000, 0x00000000d7400000, 0x0000000100000000)
  eden space 23040K, 100% used [0x00000000d5580000,0x00000000d6c00000,0x00000000d6c00000)
  from space 2048K, 99% used [0x00000000d7200000,0x00000000d73fe058,0x00000000d7400000)
  to   space 4096K, 0% used [0x00000000d6c00000,0x00000000d6c00000,0x00000000d7000000)
 ParOldGen       total 68608K, used 14271K [0x0000000080000000, 0x0000000084300000, 0x00000000d5580000)
  object space 68608K, 20% used [0x0000000080000000,0x0000000080defd08,0x0000000084300000)
 Metaspace       used 31487K, committed 32576K, reserved 1114112K
  class space    used 3091K, committed 3584K, reserved 1048576K
}
Event: 3.075 GC heap after
{Heap after GC invocations=12 (full 1):
 PSYoungGen      total 26624K, used 1782K [0x00000000d5580000, 0x00000000d7280000, 0x0000000100000000)
  eden space 22528K, 0% used [0x00000000d5580000,0x00000000d5580000,0x00000000d6b80000)
  from space 4096K, 43% used [0x00000000d6c00000,0x00000000d6dbd990,0x00000000d7000000)
  to   space 2560K, 0% used [0x00000000d7000000,0x00000000d7000000,0x00000000d7280000)
 ParOldGen       total 68608K, used 16144K [0x0000000080000000, 0x0000000084300000, 0x00000000d5580000)
  object space 68608K, 23% used [0x0000000080000000,0x0000000080fc4120,0x0000000084300000)
 Metaspace       used 31487K, committed 32576K, reserved 1114112K
  class space    used 3091K, committed 3584K, reserved 1048576K
}
Event: 3.273 GC heap before
{Heap before GC invocations=13 (full 1):
 PSYoungGen      total 26624K, used 24310K [0x00000000d5580000, 0x00000000d7280000, 0x0000000100000000)
  eden space 22528K, 100% used [0x00000000d5580000,0x00000000d6b80000,0x00000000d6b80000)
  from space 4096K, 43% used [0x00000000d6c00000,0x00000000d6dbd990,0x00000000d7000000)
  to   space 2560K, 0% used [0x00000000d7000000,0x00000000d7000000,0x00000000d7280000)
 ParOldGen       total 68608K, used 16144K [0x0000000080000000, 0x0000000084300000, 0x00000000d5580000)
  object space 68608K, 23% used [0x0000000080000000,0x0000000080fc4120,0x0000000084300000)
 Metaspace       used 34158K, committed 35392K, reserved 1114112K
  class space    used 3417K, committed 3968K, reserved 1048576K
}
Event: 3.276 GC heap after
{Heap after GC invocations=13 (full 1):
 PSYoungGen      total 24576K, used 2224K [0x00000000d5580000, 0x00000000d7280000, 0x0000000100000000)
  eden space 22016K, 0% used [0x00000000d5580000,0x00000000d5580000,0x00000000d6b00000)
  from space 2560K, 86% used [0x00000000d7000000,0x00000000d722c010,0x00000000d7280000)
  to   space 2560K, 0% used [0x00000000d6d80000,0x00000000d6d80000,0x00000000d7000000)
 ParOldGen       total 68608K, used 17514K [0x0000000080000000, 0x0000000084300000, 0x00000000d5580000)
  object space 68608K, 25% used [0x0000000080000000,0x000000008111a968,0x0000000084300000)
 Metaspace       used 34158K, committed 35392K, reserved 1114112K
  class space    used 3417K, committed 3968K, reserved 1048576K
}
Event: 3.352 GC heap before
{Heap before GC invocations=14 (full 1):
 PSYoungGen      total 24576K, used 8962K [0x00000000d5580000, 0x00000000d7280000, 0x0000000100000000)
  eden space 22016K, 30% used [0x00000000d5580000,0x00000000d5c148e8,0x00000000d6b00000)
  from space 2560K, 86% used [0x00000000d7000000,0x00000000d722c010,0x00000000d7280000)
  to   space 2560K, 0% used [0x00000000d6d80000,0x00000000d6d80000,0x00000000d7000000)
 ParOldGen       total 68608K, used 17514K [0x0000000080000000, 0x0000000084300000, 0x00000000d5580000)
  object space 68608K, 25% used [0x0000000080000000,0x000000008111a968,0x0000000084300000)
 Metaspace       used 34732K, committed 35840K, reserved 1114112K
  class space    used 3475K, committed 3968K, reserved 1048576K
}
Event: 3.354 GC heap after
{Heap after GC invocations=14 (full 1):
 PSYoungGen      total 23040K, used 544K [0x00000000d5580000, 0x00000000d7080000, 0x0000000100000000)
  eden space 22016K, 0% used [0x00000000d5580000,0x00000000d5580000,0x00000000d6b00000)
  from space 1024K, 53% used [0x00000000d6d80000,0x00000000d6e08000,0x00000000d6e80000)
  to   space 1536K, 0% used [0x00000000d6f00000,0x00000000d6f00000,0x00000000d7080000)
 ParOldGen       total 68608K, used 19531K [0x0000000080000000, 0x0000000084300000, 0x00000000d5580000)
  object space 68608K, 28% used [0x0000000080000000,0x0000000081312c30,0x0000000084300000)
 Metaspace       used 34732K, committed 35840K, reserved 1114112K
  class space    used 3475K, committed 3968K, reserved 1048576K
}
Event: 3.354 GC heap before
{Heap before GC invocations=15 (full 2):
 PSYoungGen      total 23040K, used 544K [0x00000000d5580000, 0x00000000d7080000, 0x0000000100000000)
  eden space 22016K, 0% used [0x00000000d5580000,0x00000000d5580000,0x00000000d6b00000)
  from space 1024K, 53% used [0x00000000d6d80000,0x00000000d6e08000,0x00000000d6e80000)
  to   space 1536K, 0% used [0x00000000d6f00000,0x00000000d6f00000,0x00000000d7080000)
 ParOldGen       total 68608K, used 19531K [0x0000000080000000, 0x0000000084300000, 0x00000000d5580000)
  object space 68608K, 28% used [0x0000000080000000,0x0000000081312c30,0x0000000084300000)
 Metaspace       used 34732K, committed 35840K, reserved 1114112K
  class space    used 3475K, committed 3968K, reserved 1048576K
}
Event: 3.383 GC heap after
{Heap after GC invocations=15 (full 2):
 PSYoungGen      total 23040K, used 0K [0x00000000d5580000, 0x00000000d7080000, 0x0000000100000000)
  eden space 22016K, 0% used [0x00000000d5580000,0x00000000d5580000,0x00000000d6b00000)
  from space 1024K, 0% used [0x00000000d6d80000,0x00000000d6d80000,0x00000000d6e80000)
  to   space 1536K, 0% used [0x00000000d6f00000,0x00000000d6f00000,0x00000000d7080000)
 ParOldGen       total 68608K, used 19280K [0x0000000080000000, 0x0000000084300000, 0x00000000d5580000)
  object space 68608K, 28% used [0x0000000080000000,0x00000000812d41e8,0x0000000084300000)
 Metaspace       used 34732K, committed 35840K, reserved 1114112K
  class space    used 3475K, committed 3968K, reserved 1048576K
}
Event: 3.555 GC heap before
{Heap before GC invocations=16 (full 2):
 PSYoungGen      total 23040K, used 22016K [0x00000000d5580000, 0x00000000d7080000, 0x0000000100000000)
  eden space 22016K, 100% used [0x00000000d5580000,0x00000000d6b00000,0x00000000d6b00000)
  from space 1024K, 0% used [0x00000000d6d80000,0x00000000d6d80000,0x00000000d6e80000)
  to   space 1536K, 0% used [0x00000000d6f00000,0x00000000d6f00000,0x00000000d7080000)
 ParOldGen       total 68608K, used 19280K [0x0000000080000000, 0x0000000084300000, 0x00000000d5580000)
  object space 68608K, 28% used [0x0000000080000000,0x00000000812d41e8,0x0000000084300000)
 Metaspace       used 36364K, committed 37568K, reserved 1114112K
  class space    used 3658K, committed 4160K, reserved 1048576K
}
Event: 3.558 GC heap after
{Heap after GC invocations=16 (full 2):
 PSYoungGen      total 23552K, used 1533K [0x00000000d5580000, 0x00000000d7200000, 0x0000000100000000)
  eden space 22016K, 0% used [0x00000000d5580000,0x00000000d5580000,0x00000000d6b00000)
  from space 1536K, 99% used [0x00000000d6f00000,0x00000000d707f630,0x00000000d7080000)
  to   space 3584K, 0% used [0x00000000d6b00000,0x00000000d6b00000,0x00000000d6e80000)
 ParOldGen       total 68608K, used 20451K [0x0000000080000000, 0x0000000084300000, 0x00000000d5580000)
  object space 68608K, 29% used [0x0000000080000000,0x00000000813f8f40,0x0000000084300000)
 Metaspace       used 36364K, committed 37568K, reserved 1114112K
  class space    used 3658K, committed 4160K, reserved 1048576K
}
Event: 3.654 GC heap before
{Heap before GC invocations=17 (full 2):
 PSYoungGen      total 23552K, used 23549K [0x00000000d5580000, 0x00000000d7200000, 0x0000000100000000)
  eden space 22016K, 100% used [0x00000000d5580000,0x00000000d6b00000,0x00000000d6b00000)
  from space 1536K, 99% used [0x00000000d6f00000,0x00000000d707f630,0x00000000d7080000)
  to   space 3584K, 0% used [0x00000000d6b00000,0x00000000d6b00000,0x00000000d6e80000)
 ParOldGen       total 68608K, used 20451K [0x0000000080000000, 0x0000000084300000, 0x00000000d5580000)
  object space 68608K, 29% used [0x0000000080000000,0x00000000813f8f40,0x0000000084300000)
 Metaspace       used 37674K, committed 38912K, reserved 1114112K
  class space    used 3808K, committed 4352K, reserved 1048576K
}
Event: 3.657 GC heap after
{Heap after GC invocations=17 (full 2):
 PSYoungGen      total 24576K, used 2080K [0x00000000d5580000, 0x00000000d7000000, 0x0000000100000000)
  eden space 22016K, 0% used [0x00000000d5580000,0x00000000d5580000,0x00000000d6b00000)
  from space 2560K, 81% used [0x00000000d6b00000,0x00000000d6d08060,0x00000000d6d80000)
  to   space 2560K, 0% used [0x00000000d6d80000,0x00000000d6d80000,0x00000000d7000000)
 ParOldGen       total 68608K, used 21961K [0x0000000080000000, 0x0000000084300000, 0x00000000d5580000)
  object space 68608K, 32% used [0x0000000080000000,0x0000000081572570,0x0000000084300000)
 Metaspace       used 37674K, committed 38912K, reserved 1114112K
  class space    used 3808K, committed 4352K, reserved 1048576K
}
Event: 3.740 GC heap before
{Heap before GC invocations=18 (full 2):
 PSYoungGen      total 24576K, used 24096K [0x00000000d5580000, 0x00000000d7000000, 0x0000000100000000)
  eden space 22016K, 100% used [0x00000000d5580000,0x00000000d6b00000,0x00000000d6b00000)
  from space 2560K, 81% used [0x00000000d6b00000,0x00000000d6d08060,0x00000000d6d80000)
  to   space 2560K, 0% used [0x00000000d6d80000,0x00000000d6d80000,0x00000000d7000000)
 ParOldGen       total 68608K, used 21961K [0x0000000080000000, 0x0000000084300000, 0x00000000d5580000)
  object space 68608K, 32% used [0x0000000080000000,0x0000000081572570,0x0000000084300000)
 Metaspace       used 38903K, committed 40128K, reserved 1114112K
  class space    used 3978K, committed 4544K, reserved 1048576K
}
Event: 3.744 GC heap after
{Heap after GC invocations=18 (full 2):
 PSYoungGen      total 24576K, used 2336K [0x00000000d5580000, 0x00000000d7000000, 0x0000000100000000)
  eden space 22016K, 0% used [0x00000000d5580000,0x00000000d5580000,0x00000000d6b00000)
  from space 2560K, 91% used [0x00000000d6d80000,0x00000000d6fc81d8,0x00000000d7000000)
  to   space 2560K, 0% used [0x00000000d6b00000,0x00000000d6b00000,0x00000000d6d80000)
 ParOldGen       total 68608K, used 23769K [0x0000000080000000, 0x0000000084300000, 0x00000000d5580000)
  object space 68608K, 34% used [0x0000000080000000,0x00000000817365e0,0x0000000084300000)
 Metaspace       used 38903K, committed 40128K, reserved 1114112K
  class space    used 3978K, committed 4544K, reserved 1048576K
}

