# JRE version: OpenJDK Runtime Environment Temurin-21.0.7+6 (21.0.7+6) (build 21.0.7+6-LTS)
# Java VM: OpenJDK 64-Bit Server VM Temurin-21.0.7+6 (21.0.7+6-LTS, mixed mode, sharing, tiered, compressed oops, compressed class ptrs, parallel gc, windows-amd64)
GC Precious Log:
 CardTable entry size: 512
 CPUs: 8 total, 8 available
 Memory: 11930M
 Large Page Support: Disabled
 NUMA Support: Disabled
 Compressed Oops: Enabled (32-bit)
 Alignments: Space 512K, Generation 512K, Heap 2M
 Heap Min Capacity: 100M
 Heap Initial Capacity: 100M
 Heap Max Capacity: 2G
 Pre-touch: Disabled
 Parallel Workers: 8
Heap:
 PSYoungGen      total 6144K, used 5282K [0x00000000d5580000, 0x00000000d5d00000, 0x0000000100000000)
  eden space 5120K, 86% used [0x00000000d5580000,0x00000000d59d51d8,0x00000000d5a80000)
  from space 1024K, 84% used [0x00000000d5c00000,0x00000000d5cd8000,0x00000000d5d00000)
  to   space 1024K, 0% used [0x00000000d5a80000,0x00000000d5a80000,0x00000000d5b80000)
 ParOldGen       total 404992K, used 265943K [0x0000000080000000, 0x0000000098b80000, 0x00000000d5580000)
  object space 404992K, 65% used [0x0000000080000000,0x00000000903b5e80,0x0000000098b80000)
 Metaspace       used 64680K, committed 66176K, reserved 1114112K
  class space    used 6580K, committed 7232K, reserved 1048576K
GC Heap History (20 events):
Event: 49.704 GC heap before
{Heap before GC invocations=633 (full 3):
 PSYoungGen      total 7680K, used 7383K [0x00000000d5580000, 0x00000000d5e00000, 0x0000000100000000)
  eden space 6656K, 100% used [0x00000000d5580000,0x00000000d5c00000,0x00000000d5c00000)
  from space 1024K, 71% used [0x00000000d5c00000,0x00000000d5cb5f08,0x00000000d5d00000)
  to   space 1024K, 0% used [0x00000000d5d00000,0x00000000d5d00000,0x00000000d5e00000)
 ParOldGen       total 404992K, used 256901K [0x0000000080000000, 0x0000000098b80000, 0x00000000d5580000)
  object space 404992K, 63% used [0x0000000080000000,0x000000008fae16d0,0x0000000098b80000)
 Metaspace       used 64020K, committed 65536K, reserved 1114112K
  class space    used 6545K, committed 7232K, reserved 1048576K
}
Event: 49.706 GC heap after
{Heap after GC invocations=633 (full 3):
 PSYoungGen      total 7680K, used 672K [0x00000000d5580000, 0x00000000d5e00000, 0x0000000100000000)
  eden space 6656K, 0% used [0x00000000d5580000,0x00000000d5580000,0x00000000d5c00000)
  from space 1024K, 65% used [0x00000000d5d00000,0x00000000d5da8000,0x00000000d5e00000)
  to   space 1024K, 0% used [0x00000000d5c00000,0x00000000d5c00000,0x00000000d5d00000)
 ParOldGen       total 404992K, used 257335K [0x0000000080000000, 0x0000000098b80000, 0x00000000d5580000)
  object space 404992K, 63% used [0x0000000080000000,0x000000008fb4de48,0x0000000098b80000)
 Metaspace       used 64020K, committed 65536K, reserved 1114112K
  class space    used 6545K, committed 7232K, reserved 1048576K
}
Event: 49.727 GC heap before
{Heap before GC invocations=634 (full 3):
 PSYoungGen      total 7680K, used 7328K [0x00000000d5580000, 0x00000000d5e00000, 0x0000000100000000)
  eden space 6656K, 100% used [0x00000000d5580000,0x00000000d5c00000,0x00000000d5c00000)
  from space 1024K, 65% used [0x00000000d5d00000,0x00000000d5da8000,0x00000000d5e00000)
  to   space 1024K, 0% used [0x00000000d5c00000,0x00000000d5c00000,0x00000000d5d00000)
 ParOldGen       total 404992K, used 257335K [0x0000000080000000, 0x0000000098b80000, 0x00000000d5580000)
  object space 404992K, 63% used [0x0000000080000000,0x000000008fb4de48,0x0000000098b80000)
 Metaspace       used 64043K, committed 65600K, reserved 1114112K
  class space    used 6547K, committed 7232K, reserved 1048576K
}
Event: 49.728 GC heap after
{Heap after GC invocations=634 (full 3):
 PSYoungGen      total 7680K, used 832K [0x00000000d5580000, 0x00000000d5e00000, 0x0000000100000000)
  eden space 6656K, 0% used [0x00000000d5580000,0x00000000d5580000,0x00000000d5c00000)
  from space 1024K, 81% used [0x00000000d5c00000,0x00000000d5cd0000,0x00000000d5d00000)
  to   space 1024K, 0% used [0x00000000d5d00000,0x00000000d5d00000,0x00000000d5e00000)
 ParOldGen       total 404992K, used 257770K [0x0000000080000000, 0x0000000098b80000, 0x00000000d5580000)
  object space 404992K, 63% used [0x0000000080000000,0x000000008fbbaa98,0x0000000098b80000)
 Metaspace       used 64043K, committed 65600K, reserved 1114112K
  class space    used 6547K, committed 7232K, reserved 1048576K
}
Event: 49.752 GC heap before
{Heap before GC invocations=635 (full 3):
 PSYoungGen      total 7680K, used 7488K [0x00000000d5580000, 0x00000000d5e00000, 0x0000000100000000)
  eden space 6656K, 100% used [0x00000000d5580000,0x00000000d5c00000,0x00000000d5c00000)
  from space 1024K, 81% used [0x00000000d5c00000,0x00000000d5cd0000,0x00000000d5d00000)
  to   space 1024K, 0% used [0x00000000d5d00000,0x00000000d5d00000,0x00000000d5e00000)
 ParOldGen       total 404992K, used 257770K [0x0000000080000000, 0x0000000098b80000, 0x00000000d5580000)
  object space 404992K, 63% used [0x0000000080000000,0x000000008fbbaa98,0x0000000098b80000)
 Metaspace       used 64070K, committed 65600K, reserved 1114112K
  class space    used 6548K, committed 7232K, reserved 1048576K
}
Event: 49.754 GC heap after
{Heap after GC invocations=635 (full 3):
 PSYoungGen      total 7680K, used 827K [0x00000000d5580000, 0x00000000d5e00000, 0x0000000100000000)
  eden space 6656K, 0% used [0x00000000d5580000,0x00000000d5580000,0x00000000d5c00000)
  from space 1024K, 80% used [0x00000000d5d00000,0x00000000d5dcec08,0x00000000d5e00000)
  to   space 1024K, 0% used [0x00000000d5c00000,0x00000000d5c00000,0x00000000d5d00000)
 ParOldGen       total 404992K, used 258428K [0x0000000080000000, 0x0000000098b80000, 0x00000000d5580000)
  object space 404992K, 63% used [0x0000000080000000,0x000000008fc5f0f8,0x0000000098b80000)
 Metaspace       used 64070K, committed 65600K, reserved 1114112K
  class space    used 6548K, committed 7232K, reserved 1048576K
}
Event: 49.788 GC heap before
{Heap before GC invocations=636 (full 3):
 PSYoungGen      total 7680K, used 7483K [0x00000000d5580000, 0x00000000d5e00000, 0x0000000100000000)
  eden space 6656K, 100% used [0x00000000d5580000,0x00000000d5c00000,0x00000000d5c00000)
  from space 1024K, 80% used [0x00000000d5d00000,0x00000000d5dcec08,0x00000000d5e00000)
  to   space 1024K, 0% used [0x00000000d5c00000,0x00000000d5c00000,0x00000000d5d00000)
 ParOldGen       total 404992K, used 258428K [0x0000000080000000, 0x0000000098b80000, 0x00000000d5580000)
  object space 404992K, 63% used [0x0000000080000000,0x000000008fc5f0f8,0x0000000098b80000)
 Metaspace       used 64104K, committed 65600K, reserved 1114112K
  class space    used 6548K, committed 7232K, reserved 1048576K
}
Event: 49.789 GC heap after
{Heap after GC invocations=636 (full 3):
 PSYoungGen      total 7680K, used 922K [0x00000000d5580000, 0x00000000d5e00000, 0x0000000100000000)
  eden space 6656K, 0% used [0x00000000d5580000,0x00000000d5580000,0x00000000d5c00000)
  from space 1024K, 90% used [0x00000000d5c00000,0x00000000d5ce6a48,0x00000000d5d00000)
  to   space 1024K, 0% used [0x00000000d5d00000,0x00000000d5d00000,0x00000000d5e00000)
 ParOldGen       total 404992K, used 259086K [0x0000000080000000, 0x0000000098b80000, 0x00000000d5580000)
  object space 404992K, 63% used [0x0000000080000000,0x000000008fd03bc0,0x0000000098b80000)
 Metaspace       used 64104K, committed 65600K, reserved 1114112K
  class space    used 6548K, committed 7232K, reserved 1048576K
}
Event: 49.816 GC heap before
{Heap before GC invocations=637 (full 3):
 PSYoungGen      total 7680K, used 7573K [0x00000000d5580000, 0x00000000d5e00000, 0x0000000100000000)
  eden space 6656K, 99% used [0x00000000d5580000,0x00000000d5bfeb58,0x00000000d5c00000)
  from space 1024K, 90% used [0x00000000d5c00000,0x00000000d5ce6a48,0x00000000d5d00000)
  to   space 1024K, 0% used [0x00000000d5d00000,0x00000000d5d00000,0x00000000d5e00000)
 ParOldGen       total 404992K, used 259086K [0x0000000080000000, 0x0000000098b80000, 0x00000000d5580000)
  object space 404992K, 63% used [0x0000000080000000,0x000000008fd03bc0,0x0000000098b80000)
 Metaspace       used 64139K, committed 65664K, reserved 1114112K
  class space    used 6549K, committed 7232K, reserved 1048576K
}
Event: 49.818 GC heap after
{Heap after GC invocations=637 (full 3):
 PSYoungGen      total 7680K, used 960K [0x00000000d5580000, 0x00000000d5e00000, 0x0000000100000000)
  eden space 6656K, 0% used [0x00000000d5580000,0x00000000d5580000,0x00000000d5c00000)
  from space 1024K, 93% used [0x00000000d5d00000,0x00000000d5df0000,0x00000000d5e00000)
  to   space 1024K, 0% used [0x00000000d5c00000,0x00000000d5c00000,0x00000000d5d00000)
 ParOldGen       total 404992K, used 259360K [0x0000000080000000, 0x0000000098b80000, 0x00000000d5580000)
  object space 404992K, 64% used [0x0000000080000000,0x000000008fd48128,0x0000000098b80000)
 Metaspace       used 64139K, committed 65664K, reserved 1114112K
  class space    used 6549K, committed 7232K, reserved 1048576K
}
Event: 49.848 GC heap before
{Heap before GC invocations=638 (full 3):
 PSYoungGen      total 7680K, used 7616K [0x00000000d5580000, 0x00000000d5e00000, 0x0000000100000000)
  eden space 6656K, 100% used [0x00000000d5580000,0x00000000d5c00000,0x00000000d5c00000)
  from space 1024K, 93% used [0x00000000d5d00000,0x00000000d5df0000,0x00000000d5e00000)
  to   space 1024K, 0% used [0x00000000d5c00000,0x00000000d5c00000,0x00000000d5d00000)
 ParOldGen       total 404992K, used 259360K [0x0000000080000000, 0x0000000098b80000, 0x00000000d5580000)
  object space 404992K, 64% used [0x0000000080000000,0x000000008fd48128,0x0000000098b80000)
 Metaspace       used 64164K, committed 65664K, reserved 1114112K
  class space    used 6549K, committed 7232K, reserved 1048576K
}
Event: 49.850 GC heap after
{Heap after GC invocations=638 (full 3):
 PSYoungGen      total 7680K, used 795K [0x00000000d5580000, 0x00000000d5e00000, 0x0000000100000000)
  eden space 6656K, 0% used [0x00000000d5580000,0x00000000d5580000,0x00000000d5c00000)
  from space 1024K, 77% used [0x00000000d5c00000,0x00000000d5cc6c08,0x00000000d5d00000)
  to   space 1024K, 0% used [0x00000000d5d00000,0x00000000d5d00000,0x00000000d5e00000)
 ParOldGen       total 404992K, used 260065K [0x0000000080000000, 0x0000000098b80000, 0x00000000d5580000)
  object space 404992K, 64% used [0x0000000080000000,0x000000008fdf8510,0x0000000098b80000)
 Metaspace       used 64164K, committed 65664K, reserved 1114112K
  class space    used 6549K, committed 7232K, reserved 1048576K
}
Event: 49.888 GC heap before
{Heap before GC invocations=639 (full 3):
 PSYoungGen      total 7680K, used 7451K [0x00000000d5580000, 0x00000000d5e00000, 0x0000000100000000)
  eden space 6656K, 100% used [0x00000000d5580000,0x00000000d5c00000,0x00000000d5c00000)
  from space 1024K, 77% used [0x00000000d5c00000,0x00000000d5cc6c08,0x00000000d5d00000)
  to   space 1024K, 0% used [0x00000000d5d00000,0x00000000d5d00000,0x00000000d5e00000)
 ParOldGen       total 404992K, used 260065K [0x0000000080000000, 0x0000000098b80000, 0x00000000d5580000)
  object space 404992K, 64% used [0x0000000080000000,0x000000008fdf8510,0x0000000098b80000)
 Metaspace       used 64223K, committed 65728K, reserved 1114112K
  class space    used 6552K, committed 7232K, reserved 1048576K
}
Event: 49.890 GC heap after
{Heap after GC invocations=639 (full 3):
 PSYoungGen      total 7168K, used 1023K [0x00000000d5580000, 0x00000000d5f00000, 0x0000000100000000)
  eden space 6144K, 0% used [0x00000000d5580000,0x00000000d5580000,0x00000000d5b80000)
  from space 1024K, 99% used [0x00000000d5d00000,0x00000000d5dffdf0,0x00000000d5e00000)
  to   space 1536K, 0% used [0x00000000d5b80000,0x00000000d5b80000,0x00000000d5d00000)
 ParOldGen       total 404992K, used 260696K [0x0000000080000000, 0x0000000098b80000, 0x00000000d5580000)
  object space 404992K, 64% used [0x0000000080000000,0x000000008fe96248,0x0000000098b80000)
 Metaspace       used 64223K, committed 65728K, reserved 1114112K
  class space    used 6552K, committed 7232K, reserved 1048576K
}
Event: 49.907 GC heap before
{Heap before GC invocations=640 (full 3):
 PSYoungGen      total 7168K, used 7167K [0x00000000d5580000, 0x00000000d5f00000, 0x0000000100000000)
  eden space 6144K, 100% used [0x00000000d5580000,0x00000000d5b80000,0x00000000d5b80000)
  from space 1024K, 99% used [0x00000000d5d00000,0x00000000d5dffdf0,0x00000000d5e00000)
  to   space 1536K, 0% used [0x00000000d5b80000,0x00000000d5b80000,0x00000000d5d00000)
 ParOldGen       total 404992K, used 260696K [0x0000000080000000, 0x0000000098b80000, 0x00000000d5580000)
  object space 404992K, 64% used [0x0000000080000000,0x000000008fe96248,0x0000000098b80000)
 Metaspace       used 64252K, committed 65792K, reserved 1114112K
  class space    used 6552K, committed 7232K, reserved 1048576K
}
Event: 49.909 GC heap after
{Heap after GC invocations=640 (full 3):
 PSYoungGen      total 7680K, used 1099K [0x00000000d5580000, 0x00000000d5e80000, 0x0000000100000000)
  eden space 6144K, 0% used [0x00000000d5580000,0x00000000d5580000,0x00000000d5b80000)
  from space 1536K, 71% used [0x00000000d5b80000,0x00000000d5c92c18,0x00000000d5d00000)
  to   space 1536K, 0% used [0x00000000d5d00000,0x00000000d5d00000,0x00000000d5e80000)
 ParOldGen       total 404992K, used 261588K [0x0000000080000000, 0x0000000098b80000, 0x00000000d5580000)
  object space 404992K, 64% used [0x0000000080000000,0x000000008ff75040,0x0000000098b80000)
 Metaspace       used 64252K, committed 65792K, reserved 1114112K
  class space    used 6552K, committed 7232K, reserved 1048576K
}
Event: 49.930 GC heap before
{Heap before GC invocations=641 (full 3):
 PSYoungGen      total 7680K, used 7243K [0x00000000d5580000, 0x00000000d5e80000, 0x0000000100000000)
  eden space 6144K, 100% used [0x00000000d5580000,0x00000000d5b80000,0x00000000d5b80000)
  from space 1536K, 71% used [0x00000000d5b80000,0x00000000d5c92c18,0x00000000d5d00000)
  to   space 1536K, 0% used [0x00000000d5d00000,0x00000000d5d00000,0x00000000d5e80000)
 ParOldGen       total 404992K, used 261588K [0x0000000080000000, 0x0000000098b80000, 0x00000000d5580000)
  object space 404992K, 64% used [0x0000000080000000,0x000000008ff75040,0x0000000098b80000)
 Metaspace       used 64269K, committed 65792K, reserved 1114112K
  class space    used 6552K, committed 7232K, reserved 1048576K
}
Event: 49.932 GC heap after
{Heap after GC invocations=641 (full 3):
 PSYoungGen      total 7168K, used 960K [0x00000000d5580000, 0x00000000d5e00000, 0x0000000100000000)
  eden space 6144K, 0% used [0x00000000d5580000,0x00000000d5580000,0x00000000d5b80000)
  from space 1024K, 93% used [0x00000000d5d00000,0x00000000d5df0000,0x00000000d5e00000)
  to   space 1024K, 0% used [0x00000000d5c00000,0x00000000d5c00000,0x00000000d5d00000)
 ParOldGen       total 404992K, used 262602K [0x0000000080000000, 0x0000000098b80000, 0x00000000d5580000)
  object space 404992K, 64% used [0x0000000080000000,0x00000000900729c8,0x0000000098b80000)
 Metaspace       used 64269K, committed 65792K, reserved 1114112K
  class space    used 6552K, committed 7232K, reserved 1048576K
}
Event: 49.948 GC heap before
{Heap before GC invocations=642 (full 3):
 PSYoungGen      total 7168K, used 7104K [0x00000000d5580000, 0x00000000d5e00000, 0x0000000100000000)
  eden space 6144K, 100% used [0x00000000d5580000,0x00000000d5b80000,0x00000000d5b80000)
  from space 1024K, 93% used [0x00000000d5d00000,0x00000000d5df0000,0x00000000d5e00000)
  to   space 1024K, 0% used [0x00000000d5c00000,0x00000000d5c00000,0x00000000d5d00000)
 ParOldGen       total 404992K, used 262633K [0x0000000080000000, 0x0000000098b80000, 0x00000000d5580000)
  object space 404992K, 64% used [0x0000000080000000,0x000000009007a530,0x0000000098b80000)
 Metaspace       used 64318K, committed 65856K, reserved 1114112K
  class space    used 6552K, committed 7232K, reserved 1048576K
}
Event: 49.950 GC heap after
{Heap after GC invocations=642 (full 3):
 PSYoungGen      total 7168K, used 654K [0x00000000d5580000, 0x00000000d5d80000, 0x0000000100000000)
  eden space 6144K, 0% used [0x00000000d5580000,0x00000000d5580000,0x00000000d5b80000)
  from space 1024K, 63% used [0x00000000d5c00000,0x00000000d5ca3970,0x00000000d5d00000)
  to   space 512K, 0% used [0x00000000d5d00000,0x00000000d5d00000,0x00000000d5d80000)
 ParOldGen       total 404992K, used 263442K [0x0000000080000000, 0x0000000098b80000, 0x00000000d5580000)
  object space 404992K, 65% used [0x0000000080000000,0x0000000090144898,0x0000000098b80000)
 Metaspace       used 64318K, committed 65856K, reserved 1114112K
  class space    used 6552K, committed 7232K, reserved 1048576K
}

