# JRE version: OpenJDK Runtime Environment Temurin-21.0.7+6 (21.0.7+6) (build 21.0.7+6-LTS)
# Java VM: OpenJDK 64-Bit Server VM Temurin-21.0.7+6 (21.0.7+6-LTS, mixed mode, sharing, tiered, compressed oops, compressed class ptrs, parallel gc, windows-amd64)
GC Precious Log:
 CardTable entry size: 512
 CPUs: 8 total, 8 available
 Memory: 11930M
 Large Page Support: Disabled
 NUMA Support: Disabled
 Compressed Oops: Enabled (32-bit)
 Alignments: Space 512K, Generation 512K, Heap 2M
 Heap Min Capacity: 100M
 Heap Initial Capacity: 100M
 Heap Max Capacity: 2G
 Pre-touch: Disabled
 Parallel Workers: 8
Heap:
 PSYoungGen      total 7168K, used 5530K [0x00000000d5580000, 0x00000000d5f00000, 0x0000000100000000)
  eden space 6656K, 83% used [0x00000000d5580000,0x00000000d5ae6930,0x00000000d5c00000)
  from space 512K, 0% used [0x00000000d5e00000,0x00000000d5e00000,0x00000000d5e80000)
  to   space 1536K, 0% used [0x00000000d5c00000,0x00000000d5c00000,0x00000000d5d80000)
 ParOldGen       total 461312K, used 164502K [0x0000000080000000, 0x000000009c280000, 0x00000000d5580000)
  object space 461312K, 35% used [0x0000000080000000,0x000000008a0a59a8,0x000000009c280000)
 Metaspace       used 59296K, committed 60672K, reserved 1114112K
  class space    used 6070K, committed 6656K, reserved 1048576K
GC Heap History (20 events):
Event: 29.959 GC heap before
{Heap before GC invocations=424 (full 2):
 PSYoungGen      total 8192K, used 7707K [0x00000000d5580000, 0x00000000d6000000, 0x0000000100000000)
  eden space 6656K, 100% used [0x00000000d5580000,0x00000000d5c00000,0x00000000d5c00000)
  from space 1536K, 68% used [0x00000000d5d00000,0x00000000d5e06c08,0x00000000d5e80000)
  to   space 1536K, 0% used [0x00000000d5e80000,0x00000000d5e80000,0x00000000d6000000)
 ParOldGen       total 455680K, used 455433K [0x0000000080000000, 0x000000009bd00000, 0x00000000d5580000)
  object space 455680K, 99% used [0x0000000080000000,0x000000009bcc2668,0x000000009bd00000)
 Metaspace       used 58104K, committed 59520K, reserved 1114112K
  class space    used 5934K, committed 6528K, reserved 1048576K
}
Event: 29.962 GC heap after
{Heap after GC invocations=424 (full 2):
 PSYoungGen      total 7680K, used 896K [0x00000000d5580000, 0x00000000d5f80000, 0x0000000100000000)
  eden space 6656K, 0% used [0x00000000d5580000,0x00000000d5580000,0x00000000d5c00000)
  from space 1024K, 87% used [0x00000000d5e80000,0x00000000d5f60000,0x00000000d5f80000)
  to   space 1024K, 0% used [0x00000000d5d80000,0x00000000d5d80000,0x00000000d5e80000)
 ParOldGen       total 456704K, used 456316K [0x0000000080000000, 0x000000009be00000, 0x00000000d5580000)
  object space 456704K, 99% used [0x0000000080000000,0x000000009bd9f290,0x000000009be00000)
 Metaspace       used 58104K, committed 59520K, reserved 1114112K
  class space    used 5934K, committed 6528K, reserved 1048576K
}
Event: 29.985 GC heap before
{Heap before GC invocations=425 (full 2):
 PSYoungGen      total 7680K, used 7552K [0x00000000d5580000, 0x00000000d5f80000, 0x0000000100000000)
  eden space 6656K, 100% used [0x00000000d5580000,0x00000000d5c00000,0x00000000d5c00000)
  from space 1024K, 87% used [0x00000000d5e80000,0x00000000d5f60000,0x00000000d5f80000)
  to   space 1024K, 0% used [0x00000000d5d80000,0x00000000d5d80000,0x00000000d5e80000)
 ParOldGen       total 456704K, used 456316K [0x0000000080000000, 0x000000009be00000, 0x00000000d5580000)
  object space 456704K, 99% used [0x0000000080000000,0x000000009bd9f290,0x000000009be00000)
 Metaspace       used 58131K, committed 59520K, reserved 1114112K
  class space    used 5937K, committed 6528K, reserved 1048576K
}
Event: 29.987 GC heap after
{Heap after GC invocations=425 (full 2):
 PSYoungGen      total 7680K, used 982K [0x00000000d5580000, 0x00000000d5f00000, 0x0000000100000000)
  eden space 6656K, 0% used [0x00000000d5580000,0x00000000d5580000,0x00000000d5c00000)
  from space 1024K, 95% used [0x00000000d5d80000,0x00000000d5e75808,0x00000000d5e80000)
  to   space 512K, 0% used [0x00000000d5e80000,0x00000000d5e80000,0x00000000d5f00000)
 ParOldGen       total 457216K, used 456996K [0x0000000080000000, 0x000000009be80000, 0x00000000d5580000)
  object space 457216K, 99% used [0x0000000080000000,0x000000009be49290,0x000000009be80000)
 Metaspace       used 58131K, committed 59520K, reserved 1114112K
  class space    used 5937K, committed 6528K, reserved 1048576K
}
Event: 30.005 GC heap before
{Heap before GC invocations=426 (full 2):
 PSYoungGen      total 7680K, used 7638K [0x00000000d5580000, 0x00000000d5f00000, 0x0000000100000000)
  eden space 6656K, 100% used [0x00000000d5580000,0x00000000d5c00000,0x00000000d5c00000)
  from space 1024K, 95% used [0x00000000d5d80000,0x00000000d5e75808,0x00000000d5e80000)
  to   space 512K, 0% used [0x00000000d5e80000,0x00000000d5e80000,0x00000000d5f00000)
 ParOldGen       total 457216K, used 456996K [0x0000000080000000, 0x000000009be80000, 0x00000000d5580000)
  object space 457216K, 99% used [0x0000000080000000,0x000000009be49290,0x000000009be80000)
 Metaspace       used 58245K, committed 59648K, reserved 1114112K
  class space    used 5950K, committed 6528K, reserved 1048576K
}
Event: 30.007 GC heap after
{Heap after GC invocations=426 (full 2):
 PSYoungGen      total 7168K, used 512K [0x00000000d5580000, 0x00000000d6000000, 0x0000000100000000)
  eden space 6656K, 0% used [0x00000000d5580000,0x00000000d5580000,0x00000000d5c00000)
  from space 512K, 100% used [0x00000000d5e80000,0x00000000d5f00000,0x00000000d5f00000)
  to   space 2048K, 0% used [0x00000000d5c00000,0x00000000d5c00000,0x00000000d5e00000)
 ParOldGen       total 458240K, used 457962K [0x0000000080000000, 0x000000009bf80000, 0x00000000d5580000)
  object space 458240K, 99% used [0x0000000080000000,0x000000009bf3aa98,0x000000009bf80000)
 Metaspace       used 58245K, committed 59648K, reserved 1114112K
  class space    used 5950K, committed 6528K, reserved 1048576K
}
Event: 30.025 GC heap before
{Heap before GC invocations=427 (full 2):
 PSYoungGen      total 7168K, used 7168K [0x00000000d5580000, 0x00000000d6000000, 0x0000000100000000)
  eden space 6656K, 100% used [0x00000000d5580000,0x00000000d5c00000,0x00000000d5c00000)
  from space 512K, 100% used [0x00000000d5e80000,0x00000000d5f00000,0x00000000d5f00000)
  to   space 2048K, 0% used [0x00000000d5c00000,0x00000000d5c00000,0x00000000d5e00000)
 ParOldGen       total 458240K, used 457962K [0x0000000080000000, 0x000000009bf80000, 0x00000000d5580000)
  object space 458240K, 99% used [0x0000000080000000,0x000000009bf3aa98,0x000000009bf80000)
 Metaspace       used 58406K, committed 59840K, reserved 1114112K
  class space    used 5960K, committed 6592K, reserved 1048576K
}
Event: 30.028 GC heap after
{Heap after GC invocations=427 (full 2):
 PSYoungGen      total 8704K, used 736K [0x00000000d5580000, 0x00000000d5f00000, 0x0000000100000000)
  eden space 6656K, 0% used [0x00000000d5580000,0x00000000d5580000,0x00000000d5c00000)
  from space 2048K, 35% used [0x00000000d5c00000,0x00000000d5cb8000,0x00000000d5e00000)
  to   space 1024K, 0% used [0x00000000d5e00000,0x00000000d5e00000,0x00000000d5f00000)
 ParOldGen       total 458752K, used 458486K [0x0000000080000000, 0x000000009c000000, 0x00000000d5580000)
  object space 458752K, 99% used [0x0000000080000000,0x000000009bfbdaa8,0x000000009c000000)
 Metaspace       used 58406K, committed 59840K, reserved 1114112K
  class space    used 5960K, committed 6592K, reserved 1048576K
}
Event: 30.081 GC heap before
{Heap before GC invocations=428 (full 2):
 PSYoungGen      total 8704K, used 7392K [0x00000000d5580000, 0x00000000d5f00000, 0x0000000100000000)
  eden space 6656K, 100% used [0x00000000d5580000,0x00000000d5c00000,0x00000000d5c00000)
  from space 2048K, 35% used [0x00000000d5c00000,0x00000000d5cb8000,0x00000000d5e00000)
  to   space 1024K, 0% used [0x00000000d5e00000,0x00000000d5e00000,0x00000000d5f00000)
 ParOldGen       total 458752K, used 458486K [0x0000000080000000, 0x000000009c000000, 0x00000000d5580000)
  object space 458752K, 99% used [0x0000000080000000,0x000000009bfbdaa8,0x000000009c000000)
 Metaspace       used 58757K, committed 60160K, reserved 1114112K
  class space    used 6003K, committed 6592K, reserved 1048576K
}
Event: 30.083 GC heap after
{Heap after GC invocations=428 (full 2):
 PSYoungGen      total 7680K, used 861K [0x00000000d5580000, 0x00000000d5f00000, 0x0000000100000000)
  eden space 6656K, 0% used [0x00000000d5580000,0x00000000d5580000,0x00000000d5c00000)
  from space 1024K, 84% used [0x00000000d5e00000,0x00000000d5ed74c8,0x00000000d5f00000)
  to   space 1024K, 0% used [0x00000000d5d00000,0x00000000d5d00000,0x00000000d5e00000)
 ParOldGen       total 459264K, used 459122K [0x0000000080000000, 0x000000009c080000, 0x00000000d5580000)
  object space 459264K, 99% used [0x0000000080000000,0x000000009c05cab8,0x000000009c080000)
 Metaspace       used 58757K, committed 60160K, reserved 1114112K
  class space    used 6003K, committed 6592K, reserved 1048576K
}
Event: 30.098 GC heap before
{Heap before GC invocations=429 (full 2):
 PSYoungGen      total 7680K, used 7517K [0x00000000d5580000, 0x00000000d5f00000, 0x0000000100000000)
  eden space 6656K, 100% used [0x00000000d5580000,0x00000000d5c00000,0x00000000d5c00000)
  from space 1024K, 84% used [0x00000000d5e00000,0x00000000d5ed74c8,0x00000000d5f00000)
  to   space 1024K, 0% used [0x00000000d5d00000,0x00000000d5d00000,0x00000000d5e00000)
 ParOldGen       total 459264K, used 459122K [0x0000000080000000, 0x000000009c080000, 0x00000000d5580000)
  object space 459264K, 99% used [0x0000000080000000,0x000000009c05cab8,0x000000009c080000)
 Metaspace       used 58885K, committed 60288K, reserved 1114112K
  class space    used 6020K, committed 6656K, reserved 1048576K
}
Event: 30.100 GC heap after
{Heap after GC invocations=429 (full 2):
 PSYoungGen      total 7680K, used 859K [0x00000000d5580000, 0x00000000d5e80000, 0x0000000100000000)
  eden space 6656K, 0% used [0x00000000d5580000,0x00000000d5580000,0x00000000d5c00000)
  from space 1024K, 83% used [0x00000000d5d00000,0x00000000d5dd6c08,0x00000000d5e00000)
  to   space 512K, 0% used [0x00000000d5e00000,0x00000000d5e00000,0x00000000d5e80000)
 ParOldGen       total 460288K, used 459837K [0x0000000080000000, 0x000000009c180000, 0x00000000d5580000)
  object space 460288K, 99% used [0x0000000080000000,0x000000009c10f680,0x000000009c180000)
 Metaspace       used 58885K, committed 60288K, reserved 1114112K
  class space    used 6020K, committed 6656K, reserved 1048576K
}
Event: 30.102 GC heap before
{Heap before GC invocations=430 (full 2):
 PSYoungGen      total 7680K, used 1496K [0x00000000d5580000, 0x00000000d5e80000, 0x0000000100000000)
  eden space 6656K, 9% used [0x00000000d5580000,0x00000000d561f470,0x00000000d5c00000)
  from space 1024K, 83% used [0x00000000d5d00000,0x00000000d5dd6c08,0x00000000d5e00000)
  to   space 512K, 0% used [0x00000000d5e00000,0x00000000d5e00000,0x00000000d5e80000)
 ParOldGen       total 460288K, used 459837K [0x0000000080000000, 0x000000009c180000, 0x00000000d5580000)
  object space 460288K, 99% used [0x0000000080000000,0x000000009c10f680,0x000000009c180000)
 Metaspace       used 58899K, committed 60352K, reserved 1114112K
  class space    used 6023K, committed 6656K, reserved 1048576K
}
Event: 30.104 GC heap after
{Heap after GC invocations=430 (full 2):
 PSYoungGen      total 7168K, used 224K [0x00000000d5580000, 0x00000000d5e80000, 0x0000000100000000)
  eden space 6656K, 0% used [0x00000000d5580000,0x00000000d5580000,0x00000000d5c00000)
  from space 512K, 43% used [0x00000000d5e00000,0x00000000d5e38000,0x00000000d5e80000)
  to   space 512K, 0% used [0x00000000d5d80000,0x00000000d5d80000,0x00000000d5e00000)
 ParOldGen       total 460800K, used 460592K [0x0000000080000000, 0x000000009c200000, 0x00000000d5580000)
  object space 460800K, 99% used [0x0000000080000000,0x000000009c1cc288,0x000000009c200000)
 Metaspace       used 58899K, committed 60352K, reserved 1114112K
  class space    used 6023K, committed 6656K, reserved 1048576K
}
Event: 30.123 GC heap before
{Heap before GC invocations=431 (full 2):
 PSYoungGen      total 7168K, used 6880K [0x00000000d5580000, 0x00000000d5e80000, 0x0000000100000000)
  eden space 6656K, 100% used [0x00000000d5580000,0x00000000d5c00000,0x00000000d5c00000)
  from space 512K, 43% used [0x00000000d5e00000,0x00000000d5e38000,0x00000000d5e80000)
  to   space 512K, 0% used [0x00000000d5d80000,0x00000000d5d80000,0x00000000d5e00000)
 ParOldGen       total 460800K, used 460592K [0x0000000080000000, 0x000000009c200000, 0x00000000d5580000)
  object space 460800K, 99% used [0x0000000080000000,0x000000009c1cc288,0x000000009c200000)
 Metaspace       used 59065K, committed 60480K, reserved 1114112K
  class space    used 6056K, committed 6656K, reserved 1048576K
}
Event: 30.125 GC heap after
{Heap after GC invocations=431 (full 2):
 PSYoungGen      total 7168K, used 512K [0x00000000d5580000, 0x00000000d5e80000, 0x0000000100000000)
  eden space 6656K, 0% used [0x00000000d5580000,0x00000000d5580000,0x00000000d5c00000)
  from space 512K, 100% used [0x00000000d5d80000,0x00000000d5e00000,0x00000000d5e00000)
  to   space 512K, 0% used [0x00000000d5e00000,0x00000000d5e00000,0x00000000d5e80000)
 ParOldGen       total 460800K, used 460744K [0x0000000080000000, 0x000000009c200000, 0x00000000d5580000)
  object space 460800K, 99% used [0x0000000080000000,0x000000009c1f2288,0x000000009c200000)
 Metaspace       used 59065K, committed 60480K, reserved 1114112K
  class space    used 6056K, committed 6656K, reserved 1048576K
}
Event: 30.238 GC heap before
{Heap before GC invocations=432 (full 2):
 PSYoungGen      total 7168K, used 4883K [0x00000000d5580000, 0x00000000d5e80000, 0x0000000100000000)
  eden space 6656K, 65% used [0x00000000d5580000,0x00000000d59c4ed8,0x00000000d5c00000)
  from space 512K, 100% used [0x00000000d5d80000,0x00000000d5e00000,0x00000000d5e00000)
  to   space 512K, 0% used [0x00000000d5e00000,0x00000000d5e00000,0x00000000d5e80000)
 ParOldGen       total 460800K, used 460744K [0x0000000080000000, 0x000000009c200000, 0x00000000d5580000)
  object space 460800K, 99% used [0x0000000080000000,0x000000009c1f2288,0x000000009c200000)
 Metaspace       used 59263K, committed 60608K, reserved 1114112K
  class space    used 6070K, committed 6656K, reserved 1048576K
}
Event: 30.240 GC heap after
{Heap after GC invocations=432 (full 2):
 PSYoungGen      total 7168K, used 512K [0x00000000d5580000, 0x00000000d5f00000, 0x0000000100000000)
  eden space 6656K, 0% used [0x00000000d5580000,0x00000000d5580000,0x00000000d5c00000)
  from space 512K, 100% used [0x00000000d5e00000,0x00000000d5e80000,0x00000000d5e80000)
  to   space 1536K, 0% used [0x00000000d5c00000,0x00000000d5c00000,0x00000000d5d80000)
 ParOldGen       total 461312K, used 461232K [0x0000000080000000, 0x000000009c280000, 0x00000000d5580000)
  object space 461312K, 99% used [0x0000000080000000,0x000000009c26c288,0x000000009c280000)
 Metaspace       used 59263K, committed 60608K, reserved 1114112K
  class space    used 6070K, committed 6656K, reserved 1048576K
}
Event: 30.241 GC heap before
{Heap before GC invocations=433 (full 3):
 PSYoungGen      total 7168K, used 512K [0x00000000d5580000, 0x00000000d5f00000, 0x0000000100000000)
  eden space 6656K, 0% used [0x00000000d5580000,0x00000000d5580000,0x00000000d5c00000)
  from space 512K, 100% used [0x00000000d5e00000,0x00000000d5e80000,0x00000000d5e80000)
  to   space 1536K, 0% used [0x00000000d5c00000,0x00000000d5c00000,0x00000000d5d80000)
 ParOldGen       total 461312K, used 461232K [0x0000000080000000, 0x000000009c280000, 0x00000000d5580000)
  object space 461312K, 99% used [0x0000000080000000,0x000000009c26c288,0x000000009c280000)
 Metaspace       used 59263K, committed 60608K, reserved 1114112K
  class space    used 6070K, committed 6656K, reserved 1048576K
}
Event: 30.364 GC heap after
{Heap after GC invocations=433 (full 3):
 PSYoungGen      total 7168K, used 0K [0x00000000d5580000, 0x00000000d5f00000, 0x0000000100000000)
  eden space 6656K, 0% used [0x00000000d5580000,0x00000000d5580000,0x00000000d5c00000)
  from space 512K, 0% used [0x00000000d5e00000,0x00000000d5e00000,0x00000000d5e80000)
  to   space 1536K, 0% used [0x00000000d5c00000,0x00000000d5c00000,0x00000000d5d80000)
 ParOldGen       total 461312K, used 164502K [0x0000000080000000, 0x000000009c280000, 0x00000000d5580000)
  object space 461312K, 35% used [0x0000000080000000,0x000000008a0a59a8,0x000000009c280000)
 Metaspace       used 59257K, committed 60608K, reserved 1114112K
  class space    used 6068K, committed 6656K, reserved 1048576K
}

